0.68079900 1552653447
0.47532000 1552653451
0.39434700 1552653681
0.68279200 1552653684
0.82226300 1552653746
0.67158500 1552653747
0.05734400 1552653751
0.94568900 1552653751
0.13631300 1552653803
0.13160200 1552653804
0.65846900 1552653814
0.04896500 1552653818
start-0.35480000 1552653938
end-0.66668200 1552653941
start-0.25468400 1552654108
end-0.64465400 1552654111
start-0.74059200 1552654124
end-0.91945300 1552654124
start-0.69138600 1552654138
end-0.87320800 1552654138
start-0.31433400 1552654219
end-0.64800000 1552654222
start-0.17858500 1552654242
end-0.82197700 1552654245
start-0.78872500 1552654395
end-0.65935100 1552654399
start-0.95683500 1552654677
end-0.28830600 1552654681
start-0.06721200 1552654730
end-0.23661800 1552654730
start-0.73565700 1552655642
end-0.01579300 1552655646
start-0.57153400 1552655810
end-0.81731400 1552655813
start-0.95192900 1552655857
end-0.19529000 1552655861
start-0.48532700 1552656002
end-0.90317400 1552656005
